2022-02-08 10:18:24 0 [Note] InnoDB: Mutexes and rw_locks use Windows interlocked functions
2022-02-08 10:18:24 0 [Note] InnoDB: Uses event mutexes
2022-02-08 10:18:24 0 [Note] InnoDB: Compressed tables use zlib 1.2.11
2022-02-08 10:18:24 0 [Note] InnoDB: Number of pools: 1
2022-02-08 10:18:24 0 [Note] InnoDB: Using SSE2 crc32 instructions
2022-02-08 10:18:24 0 [Note] InnoDB: Initializing buffer pool, total size = 16M, instances = 1, chunk size = 16M
2022-02-08 10:18:24 0 [Note] InnoDB: Completed initialization of buffer pool
2022-02-08 10:18:24 0 [Note] InnoDB: Starting crash recovery from checkpoint LSN=300288
2022-02-08 10:18:24 0 [Note] InnoDB: 128 out of 128 rollback segments are active.
2022-02-08 10:18:24 0 [Note] InnoDB: Removed temporary tablespace data file: "ibtmp1"
2022-02-08 10:18:24 0 [Note] InnoDB: Creating shared tablespace for temporary tables
2022-02-08 10:18:24 0 [Note] InnoDB: Setting file 'C:\xampp\mysql\data\ibtmp1' size to 12 MB. Physically writing the file full; Please wait ...
2022-02-08 10:18:24 0 [Note] InnoDB: File 'C:\xampp\mysql\data\ibtmp1' size is now 12 MB.
2022-02-08 10:18:24 0 [Note] InnoDB: Waiting for purge to start
2022-02-08 10:18:25 0 [Note] InnoDB: 10.4.21 started; log sequence number 300297; transaction id 170
2022-02-08 10:18:25 0 [Note] InnoDB: Loading buffer pool(s) from C:\xampp\mysql\data\ib_buffer_pool
2022-02-08 10:18:25 0 [Note] Plugin 'FEEDBACK' is disabled.
2022-02-08 10:18:25 0 [Note] Server socket created on IP: '::'.
2022-02-08 10:18:25 0 [ERROR] Can't start server: Bind on TCP/IP port. Got error: 10048: Normalmente é permitida apenas uma utilização de cada endereço de soquete (protocolo/endereço de rede/porta).

2022-02-08 10:18:25 0 [Note] InnoDB: Buffer pool(s) load completed at 220208 10:18:25
2022-02-08 10:18:25 0 [ERROR] Do you already have another mysqld server running on port: 3306 ?
2022-02-08 10:18:25 0 [ERROR] Aborting
2022-02-08 10:19:25 0 [Note] InnoDB: Mutexes and rw_locks use Windows interlocked functions
2022-02-08 10:19:25 0 [Note] InnoDB: Uses event mutexes
2022-02-08 10:19:25 0 [Note] InnoDB: Compressed tables use zlib 1.2.11
2022-02-08 10:19:25 0 [Note] InnoDB: Number of pools: 1
2022-02-08 10:19:25 0 [Note] InnoDB: Using SSE2 crc32 instructions
2022-02-08 10:19:25 0 [Note] InnoDB: Initializing buffer pool, total size = 16M, instances = 1, chunk size = 16M
2022-02-08 10:19:25 0 [Note] InnoDB: Completed initialization of buffer pool
2022-02-08 10:19:25 0 [Note] InnoDB: 128 out of 128 rollback segments are active.
2022-02-08 10:19:25 0 [Note] InnoDB: Creating shared tablespace for temporary tables
2022-02-08 10:19:25 0 [Note] InnoDB: Setting file 'C:\xampp\mysql\data\ibtmp1' size to 12 MB. Physically writing the file full; Please wait ...
2022-02-08 10:19:25 0 [Note] InnoDB: File 'C:\xampp\mysql\data\ibtmp1' size is now 12 MB.
2022-02-08 10:19:25 0 [Note] InnoDB: Waiting for purge to start
2022-02-08 10:19:25 0 [Note] InnoDB: 10.4.21 started; log sequence number 300306; transaction id 170
2022-02-08 10:19:25 0 [Note] InnoDB: Loading buffer pool(s) from C:\xampp\mysql\data\ib_buffer_pool
2022-02-08 10:19:25 0 [Note] Plugin 'FEEDBACK' is disabled.
2022-02-08 10:19:25 0 [Note] Server socket created on IP: '::'.
2022-02-08 10:19:25 0 [ERROR] Can't start server: Bind on TCP/IP port. Got error: 10048: Normalmente é permitida apenas uma utilização de cada endereço de soquete (protocolo/endereço de rede/porta).

2022-02-08 10:19:25 0 [ERROR] Do you already have another mysqld server running on port: 3306 ?
2022-02-08 10:19:25 0 [ERROR] Aborting
2022-02-08 10:19:25 0 [Note] InnoDB: Buffer pool(s) load completed at 220208 10:19:25
2022-02-08 12:05:31 0 [Note] InnoDB: Mutexes and rw_locks use Windows interlocked functions
2022-02-08 12:05:31 0 [Note] InnoDB: Uses event mutexes
2022-02-08 12:05:31 0 [Note] InnoDB: Compressed tables use zlib 1.2.11
2022-02-08 12:05:31 0 [Note] InnoDB: Number of pools: 1
2022-02-08 12:05:31 0 [Note] InnoDB: Using SSE2 crc32 instructions
2022-02-08 12:05:31 0 [Note] InnoDB: Initializing buffer pool, total size = 16M, instances = 1, chunk size = 16M
2022-02-08 12:05:31 0 [Note] InnoDB: Completed initialization of buffer pool
2022-02-08 12:05:31 0 [Note] InnoDB: 128 out of 128 rollback segments are active.
2022-02-08 12:05:31 0 [Note] InnoDB: Creating shared tablespace for temporary tables
2022-02-08 12:05:31 0 [Note] InnoDB: Setting file 'C:\xampp\mysql\data\ibtmp1' size to 12 MB. Physically writing the file full; Please wait ...
2022-02-08 12:05:31 0 [Note] InnoDB: File 'C:\xampp\mysql\data\ibtmp1' size is now 12 MB.
2022-02-08 12:05:31 0 [Note] InnoDB: Waiting for purge to start
2022-02-08 12:05:31 0 [Note] InnoDB: 10.4.21 started; log sequence number 300315; transaction id 170
2022-02-08 12:05:31 0 [Note] InnoDB: Loading buffer pool(s) from C:\xampp\mysql\data\ib_buffer_pool
2022-02-08 12:05:31 0 [Note] Plugin 'FEEDBACK' is disabled.
2022-02-08 12:05:31 0 [Note] InnoDB: Buffer pool(s) load completed at 220208 12:05:31
2022-02-08 12:05:31 0 [Note] Server socket created on IP: '::'.
2022-02-14 10:31:25 0 [Note] InnoDB: Mutexes and rw_locks use Windows interlocked functions
2022-02-14 10:31:25 0 [Note] InnoDB: Uses event mutexes
2022-02-14 10:31:25 0 [Note] InnoDB: Compressed tables use zlib 1.2.11
2022-02-14 10:31:25 0 [Note] InnoDB: Number of pools: 1
2022-02-14 10:31:25 0 [Note] InnoDB: Using SSE2 crc32 instructions
2022-02-14 10:31:25 0 [Note] InnoDB: Initializing buffer pool, total size = 16M, instances = 1, chunk size = 16M
2022-02-14 10:31:25 0 [Note] InnoDB: Completed initialization of buffer pool
2022-02-14 10:31:25 0 [Note] InnoDB: Starting crash recovery from checkpoint LSN=300952
2022-02-14 10:31:25 0 [Note] InnoDB: 128 out of 128 rollback segments are active.
2022-02-14 10:31:25 0 [Note] InnoDB: Removed temporary tablespace data file: "ibtmp1"
2022-02-14 10:31:25 0 [Note] InnoDB: Creating shared tablespace for temporary tables
2022-02-14 10:31:25 0 [Note] InnoDB: Setting file 'C:\xampp\mysql\data\ibtmp1' size to 12 MB. Physically writing the file full; Please wait ...
2022-02-14 10:31:25 0 [Note] InnoDB: File 'C:\xampp\mysql\data\ibtmp1' size is now 12 MB.
2022-02-14 10:31:25 0 [Note] InnoDB: Waiting for purge to start
2022-02-14 10:31:25 0 [Note] InnoDB: 10.4.21 started; log sequence number 300961; transaction id 195
2022-02-14 10:31:25 0 [Note] InnoDB: Loading buffer pool(s) from C:\xampp\mysql\data\ib_buffer_pool
2022-02-14 10:31:25 0 [Note] Plugin 'FEEDBACK' is disabled.
2022-02-14 10:31:25 0 [Note] InnoDB: Buffer pool(s) load completed at 220214 10:31:25
2022-02-14 10:31:25 0 [Note] Server socket created on IP: '::'.
2022-09-12 21:47:38 0 [Note] InnoDB: Mutexes and rw_locks use Windows interlocked functions
2022-09-12 21:47:38 0 [Note] InnoDB: Uses event mutexes
2022-09-12 21:47:38 0 [Note] InnoDB: Compressed tables use zlib 1.2.11
2022-09-12 21:47:38 0 [Note] InnoDB: Number of pools: 1
2022-09-12 21:47:38 0 [Note] InnoDB: Using SSE2 crc32 instructions
2022-09-12 21:47:38 0 [Note] InnoDB: Initializing buffer pool, total size = 16M, instances = 1, chunk size = 16M
2022-09-12 21:47:38 0 [Note] InnoDB: Completed initialization of buffer pool
2022-09-12 21:47:38 0 [Note] InnoDB: Starting crash recovery from checkpoint LSN=301256
2022-09-12 21:47:38 0 [Note] InnoDB: 128 out of 128 rollback segments are active.
2022-09-12 21:47:38 0 [Note] InnoDB: Removed temporary tablespace data file: "ibtmp1"
2022-09-12 21:47:38 0 [Note] InnoDB: Creating shared tablespace for temporary tables
2022-09-12 21:47:38 0 [Note] InnoDB: Setting file 'C:\xampp\mysql\data\ibtmp1' size to 12 MB. Physically writing the file full; Please wait ...
2022-09-12 21:47:38 0 [Note] InnoDB: File 'C:\xampp\mysql\data\ibtmp1' size is now 12 MB.
2022-09-12 21:47:38 0 [Note] InnoDB: Waiting for purge to start
2022-09-12 21:47:38 0 [Note] InnoDB: 10.4.21 started; log sequence number 301303; transaction id 218
2022-09-12 21:47:38 0 [Note] InnoDB: Loading buffer pool(s) from C:\xampp\mysql\data\ib_buffer_pool
2022-09-12 21:47:38 0 [Note] Plugin 'FEEDBACK' is disabled.
2022-09-12 21:47:38 0 [Note] InnoDB: Buffer pool(s) load completed at 220912 21:47:38
2022-09-12 21:47:38 0 [Note] Server socket created on IP: '::'.
